kotlin version: 2.0.21
error message: org.jetbrains.kotlin.backend.common.BackendException: Backend Internal error: Exception during IR lowering
File being compiled: C:/Users/M/AndroidStudioProjects/SpinnerLib/spinner/src/main/java/com/doubleclick/spinner/Spinner.kt
The root cause java.lang.RuntimeException was thrown at: org.jetbrains.kotlin.backend.jvm.codegen.FunctionCodegen.generate(FunctionCodegen.kt:47)
	at org.jetbrains.kotlin.backend.common.CodegenUtil.reportBackendException(CodegenUtil.kt:253)
	at org.jetbrains.kotlin.backend.common.CodegenUtil.reportBackendException$default(CodegenUtil.kt:236)
	at org.jetbrains.kotlin.backend.common.phaser.PerformByIrFilePhase.invokeSequential(performByIrFile.kt:65)
	at org.jetbrains.kotlin.backend.common.phaser.PerformByIrFilePhase.invoke(performByIrFile.kt:52)
	at org.jetbrains.kotlin.backend.common.phaser.PerformByIrFilePhase.invoke(performByIrFile.kt:38)
	at org.jetbrains.kotlin.backend.common.phaser.NamedCompilerPhase.phaseBody(CompilerPhase.kt:166)
	at org.jetbrains.kotlin.backend.common.phaser.AbstractNamedCompilerPhase.invoke(CompilerPhase.kt:113)
	at org.jetbrains.kotlin.backend.common.phaser.CompositePhase.invoke(PhaseBuilders.kt:27)
	at org.jetbrains.kotlin.backend.common.phaser.CompositePhase.invoke(PhaseBuilders.kt:14)
	at org.jetbrains.kotlin.backend.common.phaser.NamedCompilerPhase.phaseBody(CompilerPhase.kt:166)
	at org.jetbrains.kotlin.backend.common.phaser.AbstractNamedCompilerPhase.invoke(CompilerPhase.kt:113)
	at org.jetbrains.kotlin.backend.common.phaser.CompilerPhaseKt.invokeToplevel(CompilerPhase.kt:62)
	at org.jetbrains.kotlin.backend.jvm.JvmIrCodegenFactory.invokeCodegen(JvmIrCodegenFactory.kt:371)
	at org.jetbrains.kotlin.codegen.CodegenFactory.generateModule(CodegenFactory.kt:47)
	at org.jetbrains.kotlin.backend.jvm.JvmIrCodegenFactory.generateModuleInFrontendIRMode(JvmIrCodegenFactory.kt:433)
	at org.jetbrains.kotlin.cli.jvm.compiler.pipeline.JvmCompilerPipelineKt.generateCodeFromIr(jvmCompilerPipeline.kt:246)
	at org.jetbrains.kotlin.cli.jvm.compiler.pipeline.JvmCompilerPipelineKt.compileModulesUsingFrontendIrAndLightTree(jvmCompilerPipeline.kt:142)
	at org.jetbrains.kotlin.cli.jvm.K2JVMCompiler.doExecute(K2JVMCompiler.kt:148)
	at org.jetbrains.kotlin.cli.jvm.K2JVMCompiler.doExecute(K2JVMCompiler.kt:43)
	at org.jetbrains.kotlin.cli.common.CLICompiler.execImpl(CLICompiler.kt:103)
	at org.jetbrains.kotlin.cli.common.CLICompiler.execImpl(CLICompiler.kt:49)
	at org.jetbrains.kotlin.cli.common.CLITool.exec(CLITool.kt:101)
	at org.jetbrains.kotlin.incremental.IncrementalJvmCompilerRunner.runCompiler(IncrementalJvmCompilerRunner.kt:464)
	at org.jetbrains.kotlin.incremental.IncrementalJvmCompilerRunner.runCompiler(IncrementalJvmCompilerRunner.kt:73)
	at org.jetbrains.kotlin.incremental.IncrementalCompilerRunner.doCompile(IncrementalCompilerRunner.kt:506)
	at org.jetbrains.kotlin.incremental.IncrementalCompilerRunner.compileImpl(IncrementalCompilerRunner.kt:423)
	at org.jetbrains.kotlin.incremental.IncrementalCompilerRunner.compileNonIncrementally(IncrementalCompilerRunner.kt:301)
	at org.jetbrains.kotlin.incremental.IncrementalCompilerRunner.compile(IncrementalCompilerRunner.kt:129)
	at org.jetbrains.kotlin.daemon.CompileServiceImplBase.execIncrementalCompiler(CompileServiceImpl.kt:675)
	at org.jetbrains.kotlin.daemon.CompileServiceImplBase.access$execIncrementalCompiler(CompileServiceImpl.kt:92)
	at org.jetbrains.kotlin.daemon.CompileServiceImpl.compile(CompileServiceImpl.kt:1660)
	at java.base/jdk.internal.reflect.DirectMethodHandleAccessor.invoke(Unknown Source)
	at java.base/java.lang.reflect.Method.invoke(Unknown Source)
	at java.rmi/sun.rmi.server.UnicastServerRef.dispatch(Unknown Source)
	at java.rmi/sun.rmi.transport.Transport$1.run(Unknown Source)
	at java.rmi/sun.rmi.transport.Transport$1.run(Unknown Source)
	at java.base/java.security.AccessController.doPrivileged(Unknown Source)
	at java.rmi/sun.rmi.transport.Transport.serviceCall(Unknown Source)
	at java.rmi/sun.rmi.transport.tcp.TCPTransport.handleMessages(Unknown Source)
	at java.rmi/sun.rmi.transport.tcp.TCPTransport$ConnectionHandler.run0(Unknown Source)
	at java.rmi/sun.rmi.transport.tcp.TCPTransport$ConnectionHandler.lambda$run$0(Unknown Source)
	at java.base/java.security.AccessController.doPrivileged(Unknown Source)
	at java.rmi/sun.rmi.transport.tcp.TCPTransport$ConnectionHandler.run(Unknown Source)
	at java.base/java.util.concurrent.ThreadPoolExecutor.runWorker(Unknown Source)
	at java.base/java.util.concurrent.ThreadPoolExecutor$Worker.run(Unknown Source)
	at java.base/java.lang.Thread.run(Unknown Source)
Caused by: java.lang.RuntimeException: Exception while generating code for:
FUN name:Spinner-8V94_ZQ visibility:public modality:FINAL <T> (modifier:androidx.compose.ui.Modifier, borderColor:androidx.compose.ui.graphics.Color, shape:androidx.compose.ui.graphics.Shape, items:kotlin.collections.List<T of com.doubleclick.spinner.SpinnerKt.Spinner-8V94_ZQ>, selectedItem:T of com.doubleclick.spinner.SpinnerKt.Spinner-8V94_ZQ, onItemSelected:kotlin.Function1<T of com.doubleclick.spinner.SpinnerKt.Spinner-8V94_ZQ, kotlin.Unit>, itemToString:kotlin.Function1<T of com.doubleclick.spinner.SpinnerKt.Spinner-8V94_ZQ, kotlin.String>, content:@[Composable] kotlin.Function0<kotlin.Unit>) returnType:kotlin.Unit
  annotations:
    Composable
  TYPE_PARAMETER name:T index:0 variance: superTypes:[kotlin.Any?] reified:false
  VALUE_PARAMETER name:modifier index:0 type:androidx.compose.ui.Modifier
    EXPRESSION_BODY
      ERROR_EXPR 'Default Stub' type=androidx.compose.ui.Modifier
  VALUE_PARAMETER name:borderColor index:1 type:androidx.compose.ui.graphics.Color
    EXPRESSION_BODY
      ERROR_EXPR 'Default Stub' type=androidx.compose.ui.graphics.Color
  VALUE_PARAMETER name:shape index:2 type:androidx.compose.ui.graphics.Shape
    EXPRESSION_BODY
      ERROR_EXPR 'Default Stub' type=androidx.compose.ui.graphics.Shape
  VALUE_PARAMETER name:items index:3 type:kotlin.collections.List<T of com.doubleclick.spinner.SpinnerKt.Spinner-8V94_ZQ>
  VALUE_PARAMETER name:selectedItem index:4 type:T of com.doubleclick.spinner.SpinnerKt.Spinner-8V94_ZQ
  VALUE_PARAMETER name:onItemSelected index:5 type:kotlin.Function1<T of com.doubleclick.spinner.SpinnerKt.Spinner-8V94_ZQ, kotlin.Unit>
  VALUE_PARAMETER name:itemToString index:6 type:kotlin.Function1<T of com.doubleclick.spinner.SpinnerKt.Spinner-8V94_ZQ, kotlin.String>
    EXPRESSION_BODY
      ERROR_EXPR 'Default Stub' type=kotlin.Function1<T of com.doubleclick.spinner.SpinnerKt.Spinner-8V94_ZQ, kotlin.String>
  VALUE_PARAMETER name:content index:7 type:@[Composable] kotlin.Function0<kotlin.Unit>
    EXPRESSION_BODY
      ERROR_EXPR 'Default Stub' type=@[Composable] kotlin.Function0<kotlin.Unit>
  BLOCK_BODY
    VAR PROPERTY_DELEGATE name:expanded$delegate type:androidx.compose.runtime.MutableState<kotlin.Boolean> [val]
      CALL 'public final fun remember <T> (calculation: @[DisallowComposableCalls] kotlin.Function0<T of androidx.compose.runtime.ComposablesKt.remember>): T of androidx.compose.runtime.ComposablesKt.remember [inline] declared in androidx.compose.runtime.ComposablesKt' type=androidx.compose.runtime.MutableState<kotlin.Boolean> origin=null
        <T>: androidx.compose.runtime.MutableState<kotlin.Boolean>
        calculation: BLOCK type=kotlin.Function0<androidx.compose.runtime.MutableState<kotlin.Boolean>> origin=LAMBDA
          COMPOSITE type=kotlin.Unit origin=null
          FUNCTION_REFERENCE 'private final fun Spinner_8V94_ZQ$lambda$2 (): androidx.compose.runtime.MutableState<kotlin.Boolean> declared in com.doubleclick.spinner.SpinnerKt' type=kotlin.Function0<androidx.compose.runtime.MutableState<kotlin.Boolean>> origin=INLINE_LAMBDA reflectionTarget=null
    VAR PROPERTY_DELEGATE name:rotationAngle$delegate type:androidx.compose.runtime.State<kotlin.Float> [val]
      CALL 'public final fun animateFloatAsState$default (targetValue: kotlin.Float, animationSpec: androidx.compose.animation.core.AnimationSpec<kotlin.Float>?, visibilityThreshold: kotlin.Float, label: kotlin.String?, finishedListener: kotlin.Function1<kotlin.Float, kotlin.Unit>?, $mask0: kotlin.Int, $handler: kotlin.Any?): androidx.compose.runtime.State<kotlin.Float> declared in androidx.compose.animation.core.AnimateAsStateKt' type=androidx.compose.runtime.State<kotlin.Float> origin=DEFAULT_DISPATCH_CALL
        targetValue: WHEN type=kotlin.Float origin=IF
          BRANCH
            if: CALL 'private final fun Spinner_8V94_ZQ$lambda$3 ($expanded$delegate: androidx.compose.runtime.MutableState<kotlin.Boolean>): kotlin.Boolean declared in com.doubleclick.spinner.SpinnerKt' type=kotlin.Boolean origin=GET_LOCAL_PROPERTY
              $expanded$delegate: GET_VAR 'val expanded$delegate: androidx.compose.runtime.MutableState<kotlin.Boolean> [val] declared in com.doubleclick.spinner.SpinnerKt.Spinner-8V94_ZQ' type=androidx.compose.runtime.MutableState<kotlin.Boolean> origin=null
            then: CONST Float type=kotlin.Float value=0.0
          BRANCH
            if: CONST Boolean type=kotlin.Boolean value=true
            then: CONST Float type=kotlin.Float value=180.0
        animationSpec: TYPE_OP type=androidx.compose.animation.core.TweenSpec<kotlin.Float> origin=IMPLICIT_CAST typeOperand=androidx.compose.animation.core.TweenSpec<kotlin.Float>
          CALL 'public final fun tween$default <T> (durationMillis: kotlin.Int, delayMillis: kotlin.Int, easing: androidx.compose.animation.core.Easing?, $mask0: kotlin.Int, $handler: kotlin.Any?): androidx.compose.animation.core.TweenSpec<T of androidx.compose.animation.core.AnimationSpecKt.tween$default> declared in androidx.compose.animation.core.AnimationSpecKt' type=androidx.compose.animation.core.TweenSpec<T of androidx.compose.animation.core.AnimationSpecKt.tween$default> origin=DEFAULT_DISPATCH_CALL
            <T>: kotlin.Float
            durationMillis: CONST Int type=kotlin.Int value=300
            delayMillis: COMPOSITE type=kotlin.Int origin=DEFAULT_VALUE
              CONST Int type=kotlin.Int value=0
            easing: COMPOSITE type=androidx.compose.animation.core.Easing? origin=DEFAULT_VALUE
              CONST Null type=androidx.compose.animation.core.Easing? value=null
            $mask0: CONST Int type=kotlin.Int value=6
            $handler: CONST Null type=kotlin.Any? value=null
        visibilityThreshold: COMPOSITE type=kotlin.Float origin=DEFAULT_VALUE
          CONST Float type=kotlin.Float value=0.0
        label: COMPOSITE type=kotlin.String? origin=DEFAULT_VALUE
          CONST Null type=kotlin.String? value=null
        finishedListener: COMPOSITE type=kotlin.Function1<kotlin.Float, kotlin.Unit>? origin=DEFAULT_VALUE
          CONST Null type=kotlin.Function1<kotlin.Float, kotlin.Unit>? value=null
        $mask0: CONST Int type=kotlin.Int value=28
        $handler: CONST Null type=kotlin.Any? value=null
    CALL 'public final fun LaunchedEffect (key1: kotlin.Any?, block: @[ExtensionFunctionType] kotlin.coroutines.SuspendFunction1<kotlinx.coroutines.CoroutineScope, kotlin.Unit>): kotlin.Unit declared in androidx.compose.runtime.EffectsKt' type=kotlin.Unit origin=null
      key1: GET_VAR 'selectedItem: T of com.doubleclick.spinner.SpinnerKt.Spinner-8V94_ZQ declared in com.doubleclick.spinner.SpinnerKt.Spinner-8V94_ZQ' type=T of com.doubleclick.spinner.SpinnerKt.Spinner-8V94_ZQ origin=null
      block: BLOCK type=com.doubleclick.spinner.SpinnerKt.Spinner-8V94_ZQ.<no name provided> origin=null
        CLASS SUSPEND_LAMBDA CLASS name:<no name provided> modality:FINAL visibility:public/*package*/ superTypes:[kotlin.coroutines.jvm.internal.SuspendLambda; kotlin.jvm.functions.Function2<kotlinx.coroutines.CoroutineScope, kotlin.coroutines.Continuation<kotlin.Unit>?, kotlin.Any?>]
          $this: VALUE_PARAMETER INSTANCE_RECEIVER name:<this> type:com.doubleclick.spinner.SpinnerKt.Spinner-8V94_ZQ.<no name provided>
          FIELD name:label type:kotlin.Int visibility:public/*package*/
          CONSTRUCTOR SUSPEND_LAMBDA visibility:public/*package*/ <> ($selectedItem:T of com.doubleclick.spinner.SpinnerKt.Spinner-8V94_ZQ, $onItemSelected:kotlin.Function1<T of com.doubleclick.spinner.SpinnerKt.Spinner-8V94_ZQ, kotlin.Unit>, $completion:kotlin.coroutines.Continuation<com.doubleclick.spinner.SpinnerKt.Spinner-8V94_ZQ.<no name provided>>?) returnType:com.doubleclick.spinner.SpinnerKt.Spinner-8V94_ZQ.<no name provided> [primary]
            VALUE_PARAMETER BOUND_VALUE_PARAMETER name:$selectedItem index:0 type:T of com.doubleclick.spinner.SpinnerKt.Spinner-8V94_ZQ
            VALUE_PARAMETER BOUND_VALUE_PARAMETER name:$onItemSelected index:1 type:kotlin.Function1<T of com.doubleclick.spinner.SpinnerKt.Spinner-8V94_ZQ, kotlin.Unit>
            VALUE_PARAMETER name:$completion index:2 type:kotlin.coroutines.Continuation<com.doubleclick.spinner.SpinnerKt.Spinner-8V94_ZQ.<no name provided>>?
            BLOCK_BODY
              SET_FIELD 'FIELD FIELD_FOR_CAPTURED_VALUE name:$selectedItem type:T of com.doubleclick.spinner.SpinnerKt.Spinner-8V94_ZQ visibility:public/*package*/ [final] declared in com.doubleclick.spinner.SpinnerKt.Spinner-8V94_ZQ.<no name provided>' type=kotlin.Unit origin=INITIALIZER_OF_FIELD_FOR_CAPTURED_VALUE
                receiver: GET_VAR '<this>: com.doubleclick.spinner.SpinnerKt.Spinner-8V94_ZQ.<no name provided> declared in com.doubleclick.spinner.SpinnerKt.Spinner-8V94_ZQ.<no name provided>' type=com.doubleclick.spinner.SpinnerKt.Spinner-8V94_ZQ.<no name provided> origin=null
                value: GET_VAR '$selectedItem: T of com.doubleclick.spinner.SpinnerKt.Spinner-8V94_ZQ declared in com.doubleclick.spinner.SpinnerKt.Spinner-8V94_ZQ.<no name provided>.<init>' type=T of com.doubleclick.spinner.SpinnerKt.Spinner-8V94_ZQ origin=null
              SET_FIELD 'FIELD FIELD_FOR_CAPTURED_VALUE name:$onItemSelected type:kotlin.Function1<T of com.doubleclick.spinner.SpinnerKt.Spinner-8V94_ZQ, kotlin.Unit> visibility:public/*package*/ [final] declared in com.doubleclick.spinner.SpinnerKt.Spinner-8V94_ZQ.<no name provided>' type=kotlin.Unit origin=INITIALIZER_OF_FIELD_FOR_CAPTURED_VALUE
                receiver: GET_VAR '<this>: com.doubleclick.spinner.SpinnerKt.Spinner-8V94_ZQ.<no name provided> declared in com.doubleclick.spinner.SpinnerKt.Spinner-8V94_ZQ.<no name provided>' type=com.doubleclick.spinner.SpinnerKt.Spinner-8V94_ZQ.<no name provided> origin=null
                value: GET_VAR '$onItemSelected: kotlin.Function1<T of com.doubleclick.spinner.SpinnerKt.Spinner-8V94_ZQ, kotlin.Unit> declared in com.doubleclick.spinner.SpinnerKt.Spinner-8V94_ZQ.<no name provided>.<init>' type=kotlin.Function1<T of com.doubleclick.spinner.SpinnerKt.Spinner-8V94_ZQ, kotlin.Unit> origin=null
              DELEGATING_CONSTRUCTOR_CALL 'public constructor <init> (arity: kotlin.Int, $completion: kotlin.coroutines.Continuation<kotlin.Any?>?) declared in kotlin.coroutines.jvm.internal.SuspendLambda'
                arity: CONST Int type=kotlin.Int value=2
                $completion: GET_VAR '$completion: kotlin.coroutines.Continuation<com.doubleclick.spinner.SpinnerKt.Spinner-8V94_ZQ.<no name provided>>? declared in com.doubleclick.spinner.SpinnerKt.Spinner-8V94_ZQ.<no name provided>.<init>' type=kotlin.coroutines.Continuation<com.doubleclick.spinner.SpinnerKt.Spinner-8V94_ZQ.<no name provided>>? origin=null
              BLOCK type=kotlin.Unit origin=null
          FUN name:invokeSuspend visibility:public modality:FINAL <> ($this:com.doubleclick.spinner.SpinnerKt.Spinner-8V94_ZQ.<no name provided>, $result:kotlin.Result<kotlin.Any?>) returnType:kotlin.Any?
            overridden:
              protected abstract fun invokeSuspend ($result: kotlin.Result<kotlin.Any?>): kotlin.Any? declared in kotlin.coroutines.jvm.internal.SuspendLambda
            $this: VALUE_PARAMETER INSTANCE_RECEIVER name:<this> type:com.doubleclick.spinner.SpinnerKt.Spinner-8V94_ZQ.<no name provided>
            VALUE_PARAMETER name:$result index:0 type:kotlin.Result<kotlin.Any?>
            BLOCK_BODY
              WHEN type=kotlin.Unit origin=IF
                BRANCH
                  if: CALL 'public final fun not (): kotlin.Boolean [operator] declared in kotlin.Boolean' type=kotlin.Boolean origin=EXCLEQ
                    $this: CALL 'public final fun EQEQ (arg0: kotlin.Any?, arg1: kotlin.Any?): kotlin.Boolean declared in kotlin.internal.ir' type=kotlin.Boolean origin=EXCLEQ
                      arg0: GET_FIELD 'FIELD FIELD_FOR_CAPTURED_VALUE name:$selectedItem type:T of com.doubleclick.spinner.SpinnerKt.Spinner-8V94_ZQ visibility:public/*package*/ [final] declared in com.doubleclick.spinner.SpinnerKt.Spinner-8V94_ZQ.<no name provided>' type=T of com.doubleclick.spinner.SpinnerKt.Spinner-8V94_ZQ origin=null
                        receiver: GET_VAR '<this>: com.doubleclick.spinner.SpinnerKt.Spinner-8V94_ZQ.<no name provided> declared in com.doubleclick.spinner.SpinnerKt.Spinner-8V94_ZQ.<no name provided>.invokeSuspend' type=com.doubleclick.spinner.SpinnerKt.Spinner-8V94_ZQ.<no name provided> origin=null
                      arg1: CONST Null type=kotlin.Nothing? value=null
                  then: BLOCK type=kotlin.Unit origin=null
                    COMPOSITE type=kotlin.Unit origin=null
                      CALL 'public open fun d (p0: @[EnhancedNullability] kotlin.String?, p1: @[EnhancedNullability] kotlin.String): kotlin.Int declared in android.util.Log' type=kotlin.Int origin=null
                        p0: CONST String type=kotlin.String value="selectedItem"
                        p1: CALL 'public open fun toString (): kotlin.String declared in kotlin.Any' type=kotlin.String origin=null
                          $this: GET_FIELD 'FIELD FIELD_FOR_CAPTURED_VALUE name:$selectedItem type:T of com.doubleclick.spinner.SpinnerKt.Spinner-8V94_ZQ visibility:public/*package*/ [final] declared in com.doubleclick.spinner.SpinnerKt.Spinner-8V94_ZQ.<no name provided>' type=T of com.doubleclick.spinner.SpinnerKt.Spinner-8V94_ZQ origin=null
                            receiver: GET_VAR '<this>: com.doubleclick.spinner.SpinnerKt.Spinner-8V94_ZQ.<no name provided> declared in com.doubleclick.spinner.SpinnerKt.Spinner-8V94_ZQ.<no name provided>.invokeSuspend' type=com.doubleclick.spinner.SpinnerKt.Spinner-8V94_ZQ.<no name provided> origin=null
                      COMPOSITE type=kotlin.Unit origin=null
                    CALL 'public abstract fun invoke (p1: P1 of kotlin.Function1): R of kotlin.Function1 [operator] declared in kotlin.Function1' type=kotlin.Unit origin=INVOKE
                      $this: GET_FIELD 'FIELD FIELD_FOR_CAPTURED_VALUE name:$onItemSelected type:kotlin.Function1<T of com.doubleclick.spinner.SpinnerKt.Spinner-8V94_ZQ, kotlin.Unit> visibility:public/*package*/ [final] declared in com.doubleclick.spinner.SpinnerKt.Spinner-8V94_ZQ.<no name provided>' type=kotlin.Function1<T of com.doubleclick.spinner.SpinnerKt.Spinner-8V94_ZQ, kotlin.Unit> origin=null
                        receiver: GET_VAR '<this>: com.doubleclick.spinner.SpinnerKt.Spinner-8V94_ZQ.<no name provided> declared in com.doubleclick.spinner.SpinnerKt.Spinner-8V94_ZQ.<no name provided>.invokeSuspend' type=com.doubleclick.spinner.SpinnerKt.Spinner-8V94_ZQ.<no name provided> origin=null
                      p1: GET_FIELD 'FIELD FIELD_FOR_CAPTURED_VALUE name:$selectedItem type:T of com.doubleclick.spinner.SpinnerKt.Spinner-8V94_ZQ visibility:public/*package*/ [final] declared in com.doubleclick.spinner.SpinnerKt.Spinner-8V94_ZQ.<no name provided>' type=T of com.doubleclick.spinner.SpinnerKt.Spinner-8V94_ZQ origin=null
                        receiver: GET_VAR '<this>: com.doubleclick.spinner.SpinnerKt.Spinner-8V94_ZQ.<no name provided> declared in com.doubleclick.spinner.SpinnerKt.Spinner-8V94_ZQ.<no name provided>.invokeSuspend' type=com.doubleclick.spinner.SpinnerKt.Spinner-8V94_ZQ.<no name provided> origin=null
          FUN name:create visibility:public modality:FINAL <> ($this:com.doubleclick.spinner.SpinnerKt.Spinner-8V94_ZQ.<no name provided>, value:kotlin.Any?, $completion:kotlin.coroutines.Continuation<kotlin.Nothing>) returnType:kotlin.coroutines.Continuation<kotlin.Unit>
            overridden:
              public open fun create (value: kotlin.Any?, $completion: kotlin.coroutines.Continuation<kotlin.Nothing>): kotlin.coroutines.Continuation<kotlin.Unit> declared in kotlin.coroutines.jvm.internal.SuspendLambda
            $this: VALUE_PARAMETER INSTANCE_RECEIVER name:<this> type:com.doubleclick.spinner.SpinnerKt.Spinner-8V94_ZQ.<no name provided>
            VALUE_PARAMETER name:value index:0 type:kotlin.Any?
            VALUE_PARAMETER name:$completion index:1 type:kotlin.coroutines.Continuation<kotlin.Nothing>
            BLOCK_BODY
              RETURN type=kotlin.Nothing from='public final fun create (value: kotlin.Any?, $completion: kotlin.coroutines.Continuation<kotlin.Nothing>): kotlin.coroutines.Continuation<kotlin.Unit> declared in com.doubleclick.spinner.SpinnerKt.Spinner-8V94_ZQ.<no name provided>'
                CONSTRUCTOR_CALL 'public/*package*/ constructor <init> ($selectedItem: T of com.doubleclick.spinner.SpinnerKt.Spinner-8V94_ZQ, $onItemSelected: kotlin.Function1<T of com.doubleclick.spinner.SpinnerKt.Spinner-8V94_ZQ, kotlin.Unit>, $completion: kotlin.coroutines.Continuation<com.doubleclick.spinner.SpinnerKt.Spinner-8V94_ZQ.<no name provided>>?) [primary] declared in com.doubleclick.spinner.SpinnerKt.Spinner-8V94_ZQ.<no name provided>' type=com.doubleclick.spinner.SpinnerKt.Spinner-8V94_ZQ.<no name provided> origin=null
                  $selectedItem: GET_FIELD 'FIELD FIELD_FOR_CAPTURED_VALUE name:$selectedItem type:T of com.doubleclick.spinner.SpinnerKt.Spinner-8V94_ZQ visibility:public/*package*/ [final] declared in com.doubleclick.spinner.SpinnerKt.Spinner-8V94_ZQ.<no name provided>' type=T of com.doubleclick.spinner.SpinnerKt.Spinner-8V94_ZQ origin=null
                    receiver: GET_VAR '<this>: com.doubleclick.spinner.SpinnerKt.Spinner-8V94_ZQ.<no name provided> declared in com.doubleclick.spinner.SpinnerKt.Spinner-8V94_ZQ.<no name provided>.create' type=com.doubleclick.spinner.SpinnerKt.Spinner-8V94_ZQ.<no name provided> origin=null
                  $onItemSelected: GET_FIELD 'FIELD FIELD_FOR_CAPTURED_VALUE name:$onItemSelected type:kotlin.Function1<T of com.doubleclick.spinner.SpinnerKt.Spinner-8V94_ZQ, kotlin.Unit> visibility:public/*package*/ [final] declared in com.doubleclick.spinner.SpinnerKt.Spinner-8V94_ZQ.<no name provided>' type=kotlin.Function1<T of com.doubleclick.spinner.SpinnerKt.Spinner-8V94_ZQ, kotlin.Unit> origin=null
                    receiver: GET_VAR '<this>: com.doubleclick.spinner.SpinnerKt.Spinner-8V94_ZQ.<no name provided> declared in com.doubleclick.spinner.SpinnerKt.Spinner-8V94_ZQ.<no name provided>.create' type=com.doubleclick.spinner.SpinnerKt.Spinner-8V94_ZQ.<no name provided> origin=null
                  $completion: GET_VAR '$completion: kotlin.coroutines.Continuation<kotlin.Nothing> declared in com.doubleclick.spinner.SpinnerKt.Spinner-8V94_ZQ.<no name provided>.create' type=kotlin.coroutines.Continuation<kotlin.Nothing> origin=null
          FUN name:invoke visibility:public modality:FINAL <> ($this:com.doubleclick.spinner.SpinnerKt.Spinner-8V94_ZQ.<no name provided>, p1:kotlinx.coroutines.CoroutineScope, p2:kotlin.coroutines.Continuation<kotlin.Unit>?) returnType:kotlin.Any?
            overridden:
              public abstract fun invoke (p1: P1 of kotlin.jvm.functions.Function2, p2: P2 of kotlin.jvm.functions.Function2): R of kotlin.jvm.functions.Function2 declared in kotlin.jvm.functions.Function2
            $this: VALUE_PARAMETER INSTANCE_RECEIVER name:<this> type:com.doubleclick.spinner.SpinnerKt.Spinner-8V94_ZQ.<no name provided>
            VALUE_PARAMETER name:p1 index:0 type:kotlinx.coroutines.CoroutineScope
            VALUE_PARAMETER name:p2 index:1 type:kotlin.coroutines.Continuation<kotlin.Unit>?
            BLOCK_BODY
              RETURN type=kotlin.Nothing from='public final fun invoke (p1: kotlinx.coroutines.CoroutineScope, p2: kotlin.coroutines.Continuation<kotlin.Unit>?): kotlin.Any? declared in com.doubleclick.spinner.SpinnerKt.Spinner-8V94_ZQ.<no name provided>'
                CALL 'public final fun invokeSuspend ($result: kotlin.Result<kotlin.Any?>): kotlin.Any? declared in com.doubleclick.spinner.SpinnerKt.Spinner-8V94_ZQ.<no name provided>' type=kotlin.Any? origin=null
                  $this: TYPE_OP type=com.doubleclick.spinner.SpinnerKt.Spinner-8V94_ZQ.<no name provided> origin=IMPLICIT_CAST typeOperand=com.doubleclick.spinner.SpinnerKt.Spinner-8V94_ZQ.<no name provided>
                    CALL 'public final fun create (value: kotlin.Any?, $completion: kotlin.coroutines.Continuation<kotlin.Nothing>): kotlin.coroutines.Continuation<kotlin.Unit> declared in com.doubleclick.spinner.SpinnerKt.Spinner-8V94_ZQ.<no name provided>' type=kotlin.coroutines.Continuation<kotlin.Unit> origin=null
                      $this: GET_VAR '<this>: com.doubleclick.spinner.SpinnerKt.Spinner-8V94_ZQ.<no name provided> declared in com.doubleclick.spinner.SpinnerKt.Spinner-8V94_ZQ.<no name provided>.invoke' type=com.doubleclick.spinner.SpinnerKt.Spinner-8V94_ZQ.<no name provided> origin=null
                      value: GET_VAR 'p1: kotlinx.coroutines.CoroutineScope declared in com.doubleclick.spinner.SpinnerKt.Spinner-8V94_ZQ.<no name provided>.invoke' type=kotlinx.coroutines.CoroutineScope origin=null
                      $completion: GET_VAR 'p2: kotlin.coroutines.Continuation<kotlin.Unit>? declared in com.doubleclick.spinner.SpinnerKt.Spinner-8V94_ZQ.<no name provided>.invoke' type=kotlin.coroutines.Continuation<kotlin.Unit>? origin=null
                  $result: CALL 'public final fun <unsafe-coerce> <T, R> (v: T of kotlin.jvm.internal.<unsafe-coerce>): R of kotlin.jvm.internal.<unsafe-coerce> declared in kotlin.jvm.internal' type=kotlin.Result<kotlin.Any?> origin=null
                    <T>: kotlin.Any?
                    <R>: kotlin.Result<kotlin.Any?>
                    v: GET_FIELD 'FIELD FIELD_FOR_OBJECT_INSTANCE name:INSTANCE type:kotlin.Unit visibility:public [final,static] declared in kotlin.Unit' type=kotlin.Unit origin=null
          FIELD FIELD_FOR_CAPTURED_VALUE name:$selectedItem type:T of com.doubleclick.spinner.SpinnerKt.Spinner-8V94_ZQ visibility:public/*package*/ [final]
          FIELD FIELD_FOR_CAPTURED_VALUE name:$onItemSelected type:kotlin.Function1<T of com.doubleclick.spinner.SpinnerKt.Spinner-8V94_ZQ, kotlin.Unit> visibility:public/*package*/ [final]
          FUN BRIDGE name:invoke visibility:public modality:OPEN <> ($this:com.doubleclick.spinner.SpinnerKt.Spinner-8V94_ZQ.<no name provided>, p1:kotlin.Any?, p2:kotlin.Any?) returnType:kotlin.Any?
            $this: VALUE_PARAMETER INSTANCE_RECEIVER name:<this> type:com.doubleclick.spinner.SpinnerKt.Spinner-8V94_ZQ.<no name provided>
            VALUE_PARAMETER BRIDGE name:p1 index:0 type:kotlin.Any?
            VALUE_PARAMETER BRIDGE name:p2 index:1 type:kotlin.Any?
            EXPRESSION_BODY
              RETURN type=kotlin.Nothing from='public open fun invoke (p1: kotlin.Any?, p2: kotlin.Any?): kotlin.Any? declared in com.doubleclick.spinner.SpinnerKt.Spinner-8V94_ZQ.<no name provided>'
                CALL 'public final fun invoke (p1: kotlinx.coroutines.CoroutineScope, p2: kotlin.coroutines.Continuation<kotlin.Unit>?): kotlin.Any? declared in com.doubleclick.spinner.SpinnerKt.Spinner-8V94_ZQ.<no name provided>' type=kotlin.Any? origin=BRIDGE_DELEGATION
                  $this: GET_VAR '<this>: com.doubleclick.spinner.SpinnerKt.Spinner-8V94_ZQ.<no name provided> declared in com.doubleclick.spinner.SpinnerKt.Spinner-8V94_ZQ.<no name provided>.invoke' type=com.doubleclick.spinner.SpinnerKt.Spinner-8V94_ZQ.<no name provided> origin=null
                  p1: TYPE_OP type=kotlinx.coroutines.CoroutineScope origin=IMPLICIT_CAST typeOperand=kotlinx.coroutines.CoroutineScope
                    GET_VAR 'p1: kotlin.Any? declared in com.doubleclick.spinner.SpinnerKt.Spinner-8V94_ZQ.<no name provided>.invoke' type=kotlin.Any? origin=null
                  p2: TYPE_OP type=kotlin.coroutines.Continuation<*> origin=IMPLICIT_CAST typeOperand=kotlin.coroutines.Continuation<*>
                    GET_VAR 'p2: kotlin.Any? declared in com.doubleclick.spinner.SpinnerKt.Spinner-8V94_ZQ.<no name provided>.invoke' type=kotlin.Any? origin=null
        CONSTRUCTOR_CALL 'public/*package*/ constructor <init> ($selectedItem: T of com.doubleclick.spinner.SpinnerKt.Spinner-8V94_ZQ, $onItemSelected: kotlin.Function1<T of com.doubleclick.spinner.SpinnerKt.Spinner-8V94_ZQ, kotlin.Unit>, $completion: kotlin.coroutines.Continuation<com.doubleclick.spinner.SpinnerKt.Spinner-8V94_ZQ.<no name provided>>?) [primary] declared in com.doubleclick.spinner.SpinnerKt.Spinner-8V94_ZQ.<no name provided>' type=com.doubleclick.spinner.SpinnerKt.Spinner-8V94_ZQ.<no name provided> origin=null
          $selectedItem: GET_VAR 'selectedItem: T of com.doubleclick.spinner.SpinnerKt.Spinner-8V94_ZQ declared in com.doubleclick.spinner.SpinnerKt.Spinner-8V94_ZQ' type=T of com.doubleclick.spinner.SpinnerKt.Spinner-8V94_ZQ origin=null
          $onItemSelected: GET_VAR 'onItemSelected: kotlin.Function1<T of com.doubleclick.spinner.SpinnerKt.Spinner-8V94_ZQ, kotlin.Unit> declared in com.doubleclick.spinner.SpinnerKt.Spinner-8V94_ZQ' type=kotlin.Function1<T of com.doubleclick.spinner.SpinnerKt.Spinner-8V94_ZQ, kotlin.Unit> origin=null
          $completion: CONST Null type=kotlin.Nothing? value=null
    BLOCK type=kotlin.Unit origin=ARGUMENTS_REORDERING_FOR_CALL
      VAR IR_TEMPORARY_VARIABLE name:tmp0_horizontalArrangement type:androidx.compose.foundation.layout.Arrangement.Horizontal [val]
        CALL 'public final fun <get-Start> (): androidx.compose.foundation.layout.Arrangement.Horizontal declared in androidx.compose.foundation.layout.Arrangement' type=androidx.compose.foundation.layout.Arrangement.Horizontal origin=GET_PROPERTY
          $this: GET_FIELD 'FIELD FIELD_FOR_OBJECT_INSTANCE name:INSTANCE type:androidx.compose.foundation.layout.Arrangement visibility:public [final,static] declared in androidx.compose.foundation.layout.Arrangement' type=androidx.compose.foundation.layout.Arrangement origin=null
      VAR IR_TEMPORARY_VARIABLE name:tmp1_verticalAlignment type:androidx.compose.ui.Alignment.Vertical [val]
        CALL 'public final fun <get-CenterVertically> (): androidx.compose.ui.Alignment.Vertical declared in androidx.compose.ui.Alignment.Companion' type=androidx.compose.ui.Alignment.Vertical origin=GET_PROPERTY
          $this: GET_FIELD 'FIELD FIELD_FOR_OBJECT_INSTANCE name:Companion type:androidx.compose.ui.Alignment.Companion visibility:public [final,static] declared in androidx.compose.ui.Alignment' type=androidx.compose.ui.Alignment.Companion origin=null
      VAR IR_TEMPORARY_VARIABLE name:tmp2_modifier type:androidx.compose.ui.Modifier [val]
        CALL 'public final fun background-bw27NRU (color: androidx.compose.ui.graphics.Color, shape: androidx.compose.ui.graphics.Shape): androidx.compose.ui.Modifier declared in androidx.compose.foundation.BackgroundKt' type=androidx.compose.ui.Modifier origin=null
          $receiver: CALL 'public final fun shadow-s4CzXII$default (elevation: androidx.compose.ui.unit.Dp, shape: androidx.compose.ui.graphics.Shape?, clip: kotlin.Boolean, ambientColor: androidx.compose.ui.graphics.Color, spotColor: androidx.compose.ui.graphics.Color, $mask0: kotlin.Int, $handler: kotlin.Any?): androidx.compose.ui.Modifier declared in androidx.compose.ui.draw.ShadowKt' type=androidx.compose.ui.Modifier origin=DEFAULT_DISPATCH_CALL
            $receiver: CALL 'public final fun background-bw27NRU (color: androidx.compose.ui.graphics.Color, shape: androidx.compose.ui.graphics.Shape): androidx.compose.ui.Modifier declared in androidx.compose.foundation.BackgroundKt' type=androidx.compose.ui.Modifier origin=null
              $receiver: CALL 'public final fun border-xT4_qwU (width: androidx.compose.ui.unit.Dp, color: androidx.compose.ui.graphics.Color, shape: androidx.compose.ui.graphics.Shape): androidx.compose.ui.Modifier declared in androidx.compose.foundation.BorderKt' type=androidx.compose.ui.Modifier origin=null
                $receiver: CALL 'public final fun height-3ABfNKs (height: androidx.compose.ui.unit.Dp): androidx.compose.ui.Modifier declared in androidx.compose.foundation.layout.SizeKt' type=androidx.compose.ui.Modifier origin=null
                  $receiver: CALL 'public final fun fillMaxWidth$default (fraction: kotlin.Float, $mask0: kotlin.Int, $handler: kotlin.Any?): androidx.compose.ui.Modifier declared in androidx.compose.foundation.layout.SizeKt' type=androidx.compose.ui.Modifier origin=DEFAULT_DISPATCH_CALL
                    $receiver: GET_FIELD 'FIELD FIELD_FOR_OBJECT_INSTANCE name:Companion type:androidx.compose.ui.Modifier.Companion visibility:public [final,static] declared in androidx.compose.ui.Modifier' type=androidx.compose.ui.Modifier.Companion origin=null
                    fraction: COMPOSITE type=kotlin.Float origin=DEFAULT_VALUE
                      CONST Float type=kotlin.Float value=0.0
                    $mask0: CONST Int type=kotlin.Int value=1
                    $handler: CONST Null type=kotlin.Any? value=null
                  height: CALL 'public final fun <get-dp> (): androidx.compose.ui.unit.Dp [inline] declared in androidx.compose.ui.unit.DpKt' type=androidx.compose.ui.unit.Dp origin=GET_PROPERTY
                    $receiver: CONST Int type=kotlin.Int value=50
                width: CALL 'public final fun <get-dp> (): androidx.compose.ui.unit.Dp [inline] declared in androidx.compose.ui.unit.DpKt' type=androidx.compose.ui.unit.Dp origin=GET_PROPERTY
                  $receiver: CONST Int type=kotlin.Int value=1
                color: GET_VAR 'borderColor: androidx.compose.ui.graphics.Color declared in com.doubleclick.spinner.SpinnerKt.Spinner-8V94_ZQ' type=androidx.compose.ui.graphics.Color origin=null
                shape: GET_VAR 'shape: androidx.compose.ui.graphics.Shape declared in com.doubleclick.spinner.SpinnerKt.Spinner-8V94_ZQ' type=androidx.compose.ui.graphics.Shape origin=null
              color: CALL 'public final fun getWhite-0d7_KjU (): androidx.compose.ui.graphics.Color declared in androidx.compose.ui.graphics.Color.Companion' type=androidx.compose.ui.graphics.Color origin=GET_PROPERTY
                $this: GET_FIELD 'FIELD FIELD_FOR_OBJECT_INSTANCE name:Companion type:androidx.compose.ui.graphics.Color.Companion visibility:public [final,static] declared in androidx.compose.ui.graphics.Color' type=androidx.compose.ui.graphics.Color.Companion origin=null
              shape: GET_VAR 'shape: androidx.compose.ui.graphics.Shape declared in com.doubleclick.spinner.SpinnerKt.Spinner-8V94_ZQ' type=androidx.compose.ui.graphics.Shape origin=null
            elevation: CALL 'public final fun <get-dp> (): androidx.compose.ui.unit.Dp [inline] declared in androidx.compose.ui.unit.DpKt' type=androidx.compose.ui.unit.Dp origin=GET_PROPERTY
              $receiver: CONST Int type=kotlin.Int value=1
            shape: GET_VAR 'shape: androidx.compose.ui.graphics.Shape declared in com.doubleclick.spinner.SpinnerKt.Spinner-8V94_ZQ' type=androidx.compose.ui.graphics.Shape origin=null
            clip: COMPOSITE type=kotlin.Boolean origin=DEFAULT_VALUE
              CONST Boolean type=kotlin.Boolean value=false
            ambientColor: COMPOSITE type=androidx.compose.ui.graphics.Color origin=DEFAULT_VALUE
              CALL 'public final fun <unsafe-coerce> <T, R> (v: T of kotlin.jvm.internal.<unsafe-coerce>): R of kotlin.jvm.internal.<unsafe-coerce> declared in kotlin.jvm.internal' type=androidx.compose.ui.graphics.Color origin=null
                <T>: kotlin.Long
                <R>: androidx.compose.ui.graphics.Color
                v: CONST Long type=kotlin.Long value=0
            spotColor: COMPOSITE type=androidx.compose.ui.graphics.Color origin=DEFAULT_VALUE
              CALL 'public final fun <unsafe-coerce> <T, R> (v: T of kotlin.jvm.internal.<unsafe-coerce>): R of kotlin.jvm.internal.<unsafe-coerce> declared in kotlin.jvm.internal' type=androidx.compose.ui.graphics.Color origin=null
                <T>: kotlin.Long
                <R>: androidx.compose.ui.graphics.Color
                v: CONST Long type=kotlin.Long value=0
            $mask0: CONST Int type=kotlin.Int value=28
            $handler: CONST Null type=kotlin.Any? value=null
          color: CALL 'public final fun getWhite-0d7_KjU (): androidx.compose.ui.graphics.Color declared in androidx.compose.ui.graphics.Color.Companion' type=androidx.compose.ui.graphics.Color origin=GET_PROPERTY
            $this: GET_FIELD 'FIELD FIELD_FOR_OBJECT_INSTANCE name:Companion type:androidx.compose.ui.graphics.Color.Companion visibility:public [final,static] declared in androidx.compose.ui.graphics.Color' type=androidx.compose.ui.graphics.Color.Companion origin=null
          shape: GET_VAR 'shape: androidx.compose.ui.graphics.Shape declared in com.doubleclick.spinner.SpinnerKt.Spinner-8V94_ZQ' type=androidx.compose.ui.graphics.Shape origin=null
      CALL 'public final fun Row (modifier: androidx.compose.ui.Modifier, horizontalArrangement: androidx.compose.foundation.layout.Arrangement.Horizontal, verticalAlignment: androidx.compose.ui.Alignment.Vertical, content: @[Composable] @[ExtensionFunctionType] kotlin.Function1<androidx.compose.foundation.layout.RowScope, kotlin.Unit>): kotlin.Unit [inline] declared in androidx.compose.foundation.layout.RowKt' type=kotlin.Unit origin=null
        modifier: GET_VAR 'val tmp2_modifier: androidx.compose.ui.Modifier [val] declared in com.doubleclick.spinner.SpinnerKt.Spinner-8V94_ZQ' type=androidx.compose.ui.Modifier origin=null
        horizontalArrangement: GET_VAR 'val tmp0_horizontalArrangement: androidx.compose.foundation.layout.Arrangement.Horizontal [val] declared in com.doubleclick.spinner.SpinnerKt.Spinner-8V94_ZQ' type=androidx.compose.foundation.layout.Arrangement.Horizontal origin=null
        verticalAlignment: GET_VAR 'val tmp1_verticalAlignment: androidx.compose.ui.Alignment.Vertical [val] declared in com.doubleclick.spinner.SpinnerKt.Spinner-8V94_ZQ' type=androidx.compose.ui.Alignment.Vertical origin=null
        content: BLOCK type=@[ExtensionFunctionType] kotlin.Function1<androidx.compose.foundation.layout.RowScope, kotlin.Unit> origin=LAMBDA
          COMPOSITE type=kotlin.Unit origin=null
          FUNCTION_REFERENCE 'private final fun Spinner_8V94_ZQ$lambda$6 (): kotlin.Unit declared in com.doubleclick.spinner.SpinnerKt' type=@[ExtensionFunctionType] kotlin.Function1<androidx.compose.foundation.layout.RowScope, kotlin.Unit> origin=INLINE_LAMBDA reflectionTarget=null

	at org.jetbrains.kotlin.backend.jvm.codegen.FunctionCodegen.generate(FunctionCodegen.kt:47)
	at org.jetbrains.kotlin.backend.jvm.codegen.FunctionCodegen.generate$default(FunctionCodegen.kt:40)
	at org.jetbrains.kotlin.backend.jvm.codegen.ClassCodegen.generateMethodNode(ClassCodegen.kt:406)
	at org.jetbrains.kotlin.backend.jvm.codegen.ClassCodegen.generateMethod(ClassCodegen.kt:423)
	at org.jetbrains.kotlin.backend.jvm.codegen.ClassCodegen.generate(ClassCodegen.kt:168)
	at org.jetbrains.kotlin.backend.jvm.FileCodegen.lower(JvmPhases.kt:39)
	at org.jetbrains.kotlin.backend.common.phaser.PhaseFactoriesKt.createFilePhase$lambda$4(PhaseFactories.kt:71)
	at org.jetbrains.kotlin.backend.common.phaser.PhaseBuildersKt$createSimpleNamedCompilerPhase$1.phaseBody(PhaseBuilders.kt:69)
	at org.jetbrains.kotlin.backend.common.phaser.SimpleNamedCompilerPhase.phaseBody(CompilerPhase.kt:226)
	at org.jetbrains.kotlin.backend.common.phaser.AbstractNamedCompilerPhase.invoke(CompilerPhase.kt:113)
	at org.jetbrains.kotlin.backend.common.phaser.PerformByIrFilePhase.invokeSequential(performByIrFile.kt:62)
	... 43 more
Caused by: org.jetbrains.kotlin.codegen.CompilationException: Back-end (JVM) Internal error: Couldn't inline method call: CALL 'public final fun remember <T> (calculation: @[DisallowComposableCalls] kotlin.Function0<T of androidx.compose.runtime.ComposablesKt.remember>): T of androidx.compose.runtime.ComposablesKt.remember [inline] declared in androidx.compose.runtime.ComposablesKt' type=androidx.compose.runtime.MutableState<kotlin.Boolean> origin=null
Method: null
File is unknown
The root cause java.lang.IllegalStateException was thrown at: org.jetbrains.kotlin.codegen.inline.SourceCompilerForInlineKt.getMethodNode(SourceCompilerForInline.kt:118)
	at org.jetbrains.kotlin.codegen.inline.InlineCodegen.performInline(InlineCodegen.kt:65)
	at org.jetbrains.kotlin.backend.jvm.codegen.IrInlineCodegen.genInlineCall(IrInlineCodegen.kt:163)
	at org.jetbrains.kotlin.backend.jvm.codegen.IrInlineCallGenerator.genCall(IrInlineCallGenerator.kt:36)
	at org.jetbrains.kotlin.backend.jvm.codegen.ExpressionCodegen.visitCall(ExpressionCodegen.kt:653)
	at org.jetbrains.kotlin.backend.jvm.codegen.ExpressionCodegen.visitCall(ExpressionCodegen.kt:138)
	at org.jetbrains.kotlin.ir.expressions.IrCall.accept(IrCall.kt:24)
	at org.jetbrains.kotlin.backend.jvm.codegen.ExpressionCodegen.visitVariable(ExpressionCodegen.kt:790)
	at org.jetbrains.kotlin.backend.jvm.codegen.ExpressionCodegen.visitVariable(ExpressionCodegen.kt:138)
	at org.jetbrains.kotlin.ir.declarations.IrVariable.accept(IrVariable.kt:36)
	at org.jetbrains.kotlin.backend.jvm.codegen.ExpressionCodegen.visitStatementContainer(ExpressionCodegen.kt:579)
	at org.jetbrains.kotlin.backend.jvm.codegen.ExpressionCodegen.visitBlockBody(ExpressionCodegen.kt:584)
	at org.jetbrains.kotlin.backend.jvm.codegen.ExpressionCodegen.visitBlockBody(ExpressionCodegen.kt:138)
	at org.jetbrains.kotlin.ir.expressions.IrBlockBody.accept(IrBlockBody.kt:20)
	at org.jetbrains.kotlin.backend.jvm.codegen.ExpressionCodegen.generate(ExpressionCodegen.kt:240)
	at org.jetbrains.kotlin.backend.jvm.codegen.FunctionCodegen.doGenerate(FunctionCodegen.kt:123)
	at org.jetbrains.kotlin.backend.jvm.codegen.FunctionCodegen.generate(FunctionCodegen.kt:44)
	... 53 more
Caused by: java.lang.IllegalStateException: couldn't find inline method Landroidx/compose/runtime/ComposablesKt;.remember(Lkotlin/jvm/functions/Function0;)Ljava/lang/Object;
	at org.jetbrains.kotlin.codegen.inline.SourceCompilerForInlineKt.getMethodNode(SourceCompilerForInline.kt:118)
	at org.jetbrains.kotlin.codegen.inline.SourceCompilerForInlineKt.loadCompiledInlineFunction(SourceCompilerForInline.kt:96)
	at org.jetbrains.kotlin.backend.jvm.codegen.IrSourceCompilerForInline.compileInlineFunction(IrSourceCompilerForInline.kt:91)
	at org.jetbrains.kotlin.codegen.inline.InlineCodegen.compileInline(InlineCodegen.kt:43)
	at org.jetbrains.kotlin.codegen.inline.InlineCodegen.performInline(InlineCodegen.kt:51)
	... 68 more


